<?xml version="1.0" encoding="UTF-8"?>
<robot generator="Robot 4.1 (Python 3.7.11 on linux)" generated="20210727 18:12:04.988" rpa="false" schemaversion="2">
<suite id="s1" name="Test004" source="/robot/robot/Test004.robot">
<test id="s1-t1" name="Test_case Validation_all">
<kw name="Evaluate" library="BuiltIn">
<var>${chrome_options}</var>
<arg>sys.modules['selenium.webdriver'].ChromeOptions()</arg>
<arg>sys, selenium.webdriver</arg>
<doc>Evaluates the given expression in Python and returns the result.</doc>
<msg timestamp="20210727 18:12:05.475" level="INFO">${chrome_options} = &lt;selenium.webdriver.chrome.options.Options object at 0x7f3bc1f1c810&gt;</msg>
<status status="PASS" starttime="20210727 18:12:05.473" endtime="20210727 18:12:05.476"/>
</kw>
<kw name="Call Method" library="BuiltIn">
<arg>${chrome_options}</arg>
<arg>add_argument</arg>
<arg>--no-sandbox</arg>
<doc>Calls the named method of the given object with the provided arguments.</doc>
<status status="PASS" starttime="20210727 18:12:05.477" endtime="20210727 18:12:05.477"/>
</kw>
<kw name="Call Method" library="BuiltIn">
<arg>${chrome_options}</arg>
<arg>add_argument</arg>
<arg>--headless</arg>
<doc>Calls the named method of the given object with the provided arguments.</doc>
<status status="PASS" starttime="20210727 18:12:05.478" endtime="20210727 18:12:05.478"/>
</kw>
<kw name="Open Browser" library="SeleniumLibrary">
<arg>${URl}</arg>
<arg>chrome</arg>
<arg>options=${chrome_options}</arg>
<arg>executable_path=${CHROMEDRIVER_PATH}</arg>
<doc>Opens a new browser instance to the optional ``url``.</doc>
<msg timestamp="20210727 18:12:05.481" level="INFO">Opening browser 'chrome' to base url 'https://robotframework.org/'.</msg>
<status status="PASS" starttime="20210727 18:12:05.479" endtime="20210727 18:12:12.806"/>
</kw>
<kw name="Log To Console" library="BuiltIn">
<arg>done</arg>
<doc>Logs the given message to the console.</doc>
<status status="PASS" starttime="20210727 18:12:12.807" endtime="20210727 18:12:12.808"/>
</kw>
<kw name="Close All Browsers" library="SeleniumLibrary" type="TEARDOWN">
<doc>Closes all open browsers and resets the browser cache.</doc>
<status status="PASS" starttime="20210727 18:12:12.811" endtime="20210727 18:12:12.874"/>
</kw>
<status status="PASS" starttime="20210727 18:12:05.470" endtime="20210727 18:12:12.874"/>
</test>
<status status="PASS" starttime="20210727 18:12:04.993" endtime="20210727 18:12:12.884"/>
</suite>
<statistics>
<total>
<stat pass="1" fail="0" skip="0">All Tests</stat>
</total>
<tag>
</tag>
<suite>
<stat pass="1" fail="0" skip="0" id="s1" name="Test004">Test004</stat>
</suite>
</statistics>
<errors>
<msg timestamp="20210727 18:12:04.979" level="ERROR">Error in file '/robot/robot/Test004.robot' on line 9: Setting 'Test Teardown' is allowed only once. Only the first value is used.</msg>
<msg timestamp="20210727 18:12:05.467" level="ERROR">Error in file '/robot/robot/Test004.robot' on line 7: Importing library 'Selenium2Library' failed: ModuleNotFoundError: No module named 'Selenium2Library'
Traceback (most recent call last):
  None
PYTHONPATH:
  /usr/local/bin
  /usr/local/lib/python37.zip
  /usr/local/lib/python3.7
  /usr/local/lib/python3.7/lib-dynload
  /usr/local/lib/python3.7/site-packages</msg>
</errors>
</robot>
