<?xml version="1.0" encoding="UTF-8"?>
<robot generator="Robot 4.0 (Python 3.7.3 on win32)" generated="20210531 10:04:35.967" rpa="false" schemaversion="2">
<suite id="s1" name="Tc 0014" source="C:\Users\abhi\PycharmProjects\Automation\TestCase\tc_0014.robot">
<test id="s1-t1" name="SME_Request_Count_02-Verifing the Count of Query through API">
<kw name="Open Browser" library="SeleniumLibrary">
<arg>https://the-internet.herokuapp.com/broken_images</arg>
<arg>chrome</arg>
<doc>Opens a new browser instance to the optional ``url``.</doc>
<msg timestamp="20210531 10:04:37.604" level="INFO">Opening browser 'chrome' to base url 'https://the-internet.herokuapp.com/broken_images'.</msg>
<status status="PASS" starttime="20210531 10:04:37.603" endtime="20210531 10:04:47.195"/>
</kw>
<kw name="Page Should Contain" library="SeleniumLibrary">
<arg>Powered by Elemental Selenium</arg>
<doc>Verifies that current page contains ``text``.</doc>
<msg timestamp="20210531 10:04:47.242" level="INFO">Current page contains text 'Powered by Elemental Selenium'.</msg>
<status status="PASS" starttime="20210531 10:04:47.199" endtime="20210531 10:04:47.242"/>
</kw>
<kw name="Execute Javascript" library="SeleniumLibrary">
<arg>var nodesSnapshot=document.getElementsByClassName('row');</arg>
<arg>for ( var i=0 ; i &lt; nodesSnapshot.length; i++ ){</arg>
<arg>nodesSnapshot[i].removeAttribute("class");</arg>
<arg>}</arg>
<doc>Executes the given JavaScript code with possible arguments.</doc>
<msg timestamp="20210531 10:04:47.249" level="INFO">Executing JavaScript:
var nodesSnapshot=document.getElementsByClassName('row');for ( var i=0 ; i &lt; nodesSnapshot.length; i++ ){nodesSnapshot[i].removeAttribute("class");}
Without any arguments.</msg>
<status status="PASS" starttime="20210531 10:04:47.246" endtime="20210531 10:04:47.264"/>
</kw>
<tag>headless</tag>
<status status="PASS" starttime="20210531 10:04:37.602" endtime="20210531 10:04:47.265"/>
</test>
<status status="PASS" starttime="20210531 10:04:35.970" endtime="20210531 10:04:47.268"/>
</suite>
<statistics>
<total>
<stat pass="1" fail="0" skip="0">All Tests</stat>
</total>
<tag>
<stat pass="1" fail="0" skip="0">headless</stat>
</tag>
<suite>
<stat pass="1" fail="0" skip="0" id="s1" name="Tc 0014">Tc 0014</stat>
</suite>
</statistics>
<errors>
<msg timestamp="20210531 10:04:36.784" level="ERROR">Error in file 'C:\Users\abhi\PycharmProjects\Automation\TestCase\tc_0014.robot' on line 5: Initializing library 'Browser' with no arguments failed: Could not find node dependencies in installation directory `c:\users\abhi\pycharmprojects\automation\venv\lib\site-packages\Browser\wrapper.` Run `rfbrowser init` to install the dependencies.
Traceback (most recent call last):
  File "c:\users\abhi\pycharmprojects\automation\venv\lib\site-packages\Browser\browser.py", line 671, in __init__
    self.playwright = Playwright(self, enable_playwright_debug)
  File "c:\users\abhi\pycharmprojects\automation\venv\lib\site-packages\Browser\playwright.py", line 44, in __init__
    self.ensure_node_dependencies()
  File "c:\users\abhi\pycharmprojects\automation\venv\lib\site-packages\Browser\playwright.py", line 73, in ensure_node_dependencies
    f"Could not find node dependencies in installation directory `{installation_dir}.` "</msg>
</errors>
</robot>
